<?xml version="1.0" encoding="UTF-8"?>
<testng-results skipped="0" failed="0" total="1" passed="1">
  <reporter-output>
  </reporter-output>
  <suite name="Default suite" duration-ms="15123" started-at="2015-06-26T11:29:14Z" finished-at="2015-06-26T11:29:29Z">
    <groups>
    </groups>
    <test name="Default test" duration-ms="15123" started-at="2015-06-26T11:29:14Z" finished-at="2015-06-26T11:29:29Z">
      <class name="TestCases.Common.LoginTest">
        <test-method status="PASS" signature="VerifyLogin()[pri:0, instance:TestCases.Common.LoginTest@31b7dea0]" name="VerifyLogin" duration-ms="15102" started-at="2015-06-26T18:29:14Z" finished-at="2015-06-26T18:29:29Z">
          <reporter-output>
          </reporter-output>
        </test-method> <!-- VerifyLogin -->
      </class> <!-- TestCases.Common.LoginTest -->
    </test> <!-- Default test -->
  </suite> <!-- Default suite -->
</testng-results>
