<?xml version="1.0" encoding="UTF-8"?>
<testng-results skipped="0" failed="0" total="1" passed="1">
  <reporter-output>
  </reporter-output>
  <suite name="Default suite" duration-ms="17827" started-at="2015-06-27T10:27:23Z" finished-at="2015-06-27T10:27:41Z">
    <groups>
    </groups>
    <test name="Default test" duration-ms="17827" started-at="2015-06-27T10:27:23Z" finished-at="2015-06-27T10:27:41Z">
      <class name="TestCases.Contacts.TC_JOOMLA_CONTACTS_001">
        <test-method status="PASS" signature="beforeMethod()[pri:0, instance:TestCases.Contacts.TC_JOOMLA_CONTACTS_001@1150435]" name="beforeMethod" is-config="true" duration-ms="10393" started-at="2015-06-27T17:27:24Z" finished-at="2015-06-27T17:27:34Z">
          <reporter-output>
          </reporter-output>
        </test-method> <!-- beforeMethod -->
        <test-method status="PASS" signature="CreateContacts()[pri:0, instance:TestCases.Contacts.TC_JOOMLA_CONTACTS_001@1150435]" name="CreateContacts" duration-ms="7396" started-at="2015-06-27T17:27:34Z" finished-at="2015-06-27T17:27:41Z">
          <reporter-output>
          </reporter-output>
        </test-method> <!-- CreateContacts -->
        <test-method status="PASS" signature="afterMethod()[pri:0, instance:TestCases.Contacts.TC_JOOMLA_CONTACTS_001@1150435]" name="afterMethod" is-config="true" duration-ms="1" started-at="2015-06-27T17:27:41Z" finished-at="2015-06-27T17:27:41Z">
          <reporter-output>
          </reporter-output>
        </test-method> <!-- afterMethod -->
      </class> <!-- TestCases.Contacts.TC_JOOMLA_CONTACTS_001 -->
    </test> <!-- Default test -->
  </suite> <!-- Default suite -->
</testng-results>
