<?xml version="1.0" encoding="UTF-8"?>
<testng-results skipped="0" failed="0" total="1" passed="1">
  <reporter-output>
  </reporter-output>
  <suite name="Default suite" duration-ms="40747" started-at="2015-06-28T16:49:41Z" finished-at="2015-06-28T16:50:22Z">
    <groups>
    </groups>
    <test name="Default test" duration-ms="40747" started-at="2015-06-28T16:49:41Z" finished-at="2015-06-28T16:50:22Z">
      <class name="TestCases.Article.TC_JOOMLA_ARTICLE_003">
        <test-method status="PASS" signature="setUp()[pri:0, instance:TestCases.Article.TC_JOOMLA_ARTICLE_003@c1fdc4]" name="setUp" is-config="true" duration-ms="14481" started-at="2015-06-28T23:49:41Z" finished-at="2015-06-28T23:49:55Z">
          <reporter-output>
          </reporter-output>
        </test-method> <!-- setUp -->
        <test-method status="PASS" signature="Verify_publish_article()[pri:0, instance:TestCases.Article.TC_JOOMLA_ARTICLE_003@c1fdc4]" name="Verify_publish_article" duration-ms="26183" started-at="2015-06-28T23:49:55Z" finished-at="2015-06-28T23:50:22Z">
          <reporter-output>
          </reporter-output>
        </test-method> <!-- Verify_publish_article -->
        <test-method status="PASS" signature="tearDown()[pri:0, instance:TestCases.Article.TC_JOOMLA_ARTICLE_003@c1fdc4]" name="tearDown" is-config="true" duration-ms="43" started-at="2015-06-28T23:50:22Z" finished-at="2015-06-28T23:50:22Z">
          <reporter-output>
          </reporter-output>
        </test-method> <!-- tearDown -->
      </class> <!-- TestCases.Article.TC_JOOMLA_ARTICLE_003 -->
    </test> <!-- Default test -->
  </suite> <!-- Default suite -->
</testng-results>
